This is pdfTeX, Version 3.14159265-2.6-1.40.16 (TeX Live 2015) (preloaded format=pdflatex 2015.5.24)  31 MAY 2016 23:01
entering extended mode
 restricted \write18 enabled.
 %&-line parsing enabled.
**source.tex
(./source.tex
LaTeX2e <2015/01/01>
Babel <3.9l> and hyphenation patterns for 79 languages loaded.
(/usr/local/texlive/2015/texmf-dist/tex/latex/base/report.cls
Document Class: report 2014/09/29 v1.4h Standard LaTeX document class
(/usr/local/texlive/2015/texmf-dist/tex/latex/base/size11.clo
File: size11.clo 2014/09/29 v1.4h Standard LaTeX file (size option)
)
\c@part=\count79
\c@chapter=\count80
\c@section=\count81
\c@subsection=\count82
\c@subsubsection=\count83
\c@paragraph=\count84
\c@subparagraph=\count85
\c@figure=\count86
\c@table=\count87
\abovecaptionskip=\skip41
\belowcaptionskip=\skip42
\bibindent=\dimen102
)
(/usr/local/texlive/2015/texmf-dist/tex/latex/base/inputenc.sty
Package: inputenc 2015/03/17 v1.2c Input encoding file
\inpenc@prehook=\toks14
\inpenc@posthook=\toks15

(/usr/local/texlive/2015/texmf-dist/tex/latex/base/utf8.def
File: utf8.def 2014/09/29 v1.1m UTF-8 support for inputenc
Now handling font encoding OML ...
... no UTF-8 mapping file for font encoding OML
Now handling font encoding T1 ...
... processing UTF-8 mapping file for font encoding T1

(/usr/local/texlive/2015/texmf-dist/tex/latex/base/t1enc.dfu
File: t1enc.dfu 2014/09/29 v1.1m UTF-8 support for inputenc
   defining Unicode char U+00A1 (decimal 161)
   defining Unicode char U+00A3 (decimal 163)
   defining Unicode char U+00AB (decimal 171)
   defining Unicode char U+00BB (decimal 187)
   defining Unicode char U+00BF (decimal 191)
   defining Unicode char U+00C0 (decimal 192)
   defining Unicode char U+00C1 (decimal 193)
   defining Unicode char U+00C2 (decimal 194)
   defining Unicode char U+00C3 (decimal 195)
   defining Unicode char U+00C4 (decimal 196)
   defining Unicode char U+00C5 (decimal 197)
   defining Unicode char U+00C6 (decimal 198)
   defining Unicode char U+00C7 (decimal 199)
   defining Unicode char U+00C8 (decimal 200)
   defining Unicode char U+00C9 (decimal 201)
   defining Unicode char U+00CA (decimal 202)
   defining Unicode char U+00CB (decimal 203)
   defining Unicode char U+00CC (decimal 204)
   defining Unicode char U+00CD (decimal 205)
   defining Unicode char U+00CE (decimal 206)
   defining Unicode char U+00CF (decimal 207)
   defining Unicode char U+00D0 (decimal 208)
   defining Unicode char U+00D1 (decimal 209)
   defining Unicode char U+00D2 (decimal 210)
   defining Unicode char U+00D3 (decimal 211)
   defining Unicode char U+00D4 (decimal 212)
   defining Unicode char U+00D5 (decimal 213)
   defining Unicode char U+00D6 (decimal 214)
   defining Unicode char U+00D8 (decimal 216)
   defining Unicode char U+00D9 (decimal 217)
   defining Unicode char U+00DA (decimal 218)
   defining Unicode char U+00DB (decimal 219)
   defining Unicode char U+00DC (decimal 220)
   defining Unicode char U+00DD (decimal 221)
   defining Unicode char U+00DE (decimal 222)
   defining Unicode char U+00DF (decimal 223)
   defining Unicode char U+00E0 (decimal 224)
   defining Unicode char U+00E1 (decimal 225)
   defining Unicode char U+00E2 (decimal 226)
   defining Unicode char U+00E3 (decimal 227)
   defining Unicode char U+00E4 (decimal 228)
   defining Unicode char U+00E5 (decimal 229)
   defining Unicode char U+00E6 (decimal 230)
   defining Unicode char U+00E7 (decimal 231)
   defining Unicode char U+00E8 (decimal 232)
   defining Unicode char U+00E9 (decimal 233)
   defining Unicode char U+00EA (decimal 234)
   defining Unicode char U+00EB (decimal 235)
   defining Unicode char U+00EC (decimal 236)
   defining Unicode char U+00ED (decimal 237)
   defining Unicode char U+00EE (decimal 238)
   defining Unicode char U+00EF (decimal 239)
   defining Unicode char U+00F0 (decimal 240)
   defining Unicode char U+00F1 (decimal 241)
   defining Unicode char U+00F2 (decimal 242)
   defining Unicode char U+00F3 (decimal 243)
   defining Unicode char U+00F4 (decimal 244)
   defining Unicode char U+00F5 (decimal 245)
   defining Unicode char U+00F6 (decimal 246)
   defining Unicode char U+00F8 (decimal 248)
   defining Unicode char U+00F9 (decimal 249)
   defining Unicode char U+00FA (decimal 250)
   defining Unicode char U+00FB (decimal 251)
   defining Unicode char U+00FC (decimal 252)
   defining Unicode char U+00FD (decimal 253)
   defining Unicode char U+00FE (decimal 254)
   defining Unicode char U+00FF (decimal 255)
   defining Unicode char U+0102 (decimal 258)
   defining Unicode char U+0103 (decimal 259)
   defining Unicode char U+0104 (decimal 260)
   defining Unicode char U+0105 (decimal 261)
   defining Unicode char U+0106 (decimal 262)
   defining Unicode char U+0107 (decimal 263)
   defining Unicode char U+010C (decimal 268)
   defining Unicode char U+010D (decimal 269)
   defining Unicode char U+010E (decimal 270)
   defining Unicode char U+010F (decimal 271)
   defining Unicode char U+0110 (decimal 272)
   defining Unicode char U+0111 (decimal 273)
   defining Unicode char U+0118 (decimal 280)
   defining Unicode char U+0119 (decimal 281)
   defining Unicode char U+011A (decimal 282)
   defining Unicode char U+011B (decimal 283)
   defining Unicode char U+011E (decimal 286)
   defining Unicode char U+011F (decimal 287)
   defining Unicode char U+0130 (decimal 304)
   defining Unicode char U+0131 (decimal 305)
   defining Unicode char U+0132 (decimal 306)
   defining Unicode char U+0133 (decimal 307)
   defining Unicode char U+0139 (decimal 313)
   defining Unicode char U+013A (decimal 314)
   defining Unicode char U+013D (decimal 317)
   defining Unicode char U+013E (decimal 318)
   defining Unicode char U+0141 (decimal 321)
   defining Unicode char U+0142 (decimal 322)
   defining Unicode char U+0143 (decimal 323)
   defining Unicode char U+0144 (decimal 324)
   defining Unicode char U+0147 (decimal 327)
   defining Unicode char U+0148 (decimal 328)
   defining Unicode char U+014A (decimal 330)
   defining Unicode char U+014B (decimal 331)
   defining Unicode char U+0150 (decimal 336)
   defining Unicode char U+0151 (decimal 337)
   defining Unicode char U+0152 (decimal 338)
   defining Unicode char U+0153 (decimal 339)
   defining Unicode char U+0154 (decimal 340)
   defining Unicode char U+0155 (decimal 341)
   defining Unicode char U+0158 (decimal 344)
   defining Unicode char U+0159 (decimal 345)
   defining Unicode char U+015A (decimal 346)
   defining Unicode char U+015B (decimal 347)
   defining Unicode char U+015E (decimal 350)
   defining Unicode char U+015F (decimal 351)
   defining Unicode char U+0160 (decimal 352)
   defining Unicode char U+0161 (decimal 353)
   defining Unicode char U+0162 (decimal 354)
   defining Unicode char U+0163 (decimal 355)
   defining Unicode char U+0164 (decimal 356)
   defining Unicode char U+0165 (decimal 357)
   defining Unicode char U+016E (decimal 366)
   defining Unicode char U+016F (decimal 367)
   defining Unicode char U+0170 (decimal 368)
   defining Unicode char U+0171 (decimal 369)
   defining Unicode char U+0178 (decimal 376)
   defining Unicode char U+0179 (decimal 377)
   defining Unicode char U+017A (decimal 378)
   defining Unicode char U+017B (decimal 379)
   defining Unicode char U+017C (decimal 380)
   defining Unicode char U+017D (decimal 381)
   defining Unicode char U+017E (decimal 382)
   defining Unicode char U+200C (decimal 8204)
   defining Unicode char U+2013 (decimal 8211)
   defining Unicode char U+2014 (decimal 8212)
   defining Unicode char U+2018 (decimal 8216)
   defining Unicode char U+2019 (decimal 8217)
   defining Unicode char U+201A (decimal 8218)
   defining Unicode char U+201C (decimal 8220)
   defining Unicode char U+201D (decimal 8221)
   defining Unicode char U+201E (decimal 8222)
   defining Unicode char U+2030 (decimal 8240)
   defining Unicode char U+2031 (decimal 8241)
   defining Unicode char U+2039 (decimal 8249)
   defining Unicode char U+203A (decimal 8250)
   defining Unicode char U+2423 (decimal 9251)
)
Now handling font encoding OT1 ...
... processing UTF-8 mapping file for font encoding OT1

(/usr/local/texlive/2015/texmf-dist/tex/latex/base/ot1enc.dfu
File: ot1enc.dfu 2014/09/29 v1.1m UTF-8 support for inputenc
   defining Unicode char U+00A1 (decimal 161)
   defining Unicode char U+00A3 (decimal 163)
   defining Unicode char U+00B8 (decimal 184)
   defining Unicode char U+00BF (decimal 191)
   defining Unicode char U+00C5 (decimal 197)
   defining Unicode char U+00C6 (decimal 198)
   defining Unicode char U+00D8 (decimal 216)
   defining Unicode char U+00DF (decimal 223)
   defining Unicode char U+00E6 (decimal 230)
   defining Unicode char U+00EC (decimal 236)
   defining Unicode char U+00ED (decimal 237)
   defining Unicode char U+00EE (decimal 238)
   defining Unicode char U+00EF (decimal 239)
   defining Unicode char U+00F8 (decimal 248)
   defining Unicode char U+0131 (decimal 305)
   defining Unicode char U+0141 (decimal 321)
   defining Unicode char U+0142 (decimal 322)
   defining Unicode char U+0152 (decimal 338)
   defining Unicode char U+0153 (decimal 339)
   defining Unicode char U+2013 (decimal 8211)
   defining Unicode char U+2014 (decimal 8212)
   defining Unicode char U+2018 (decimal 8216)
   defining Unicode char U+2019 (decimal 8217)
   defining Unicode char U+201C (decimal 8220)
   defining Unicode char U+201D (decimal 8221)
)
Now handling font encoding OMS ...
... processing UTF-8 mapping file for font encoding OMS

(/usr/local/texlive/2015/texmf-dist/tex/latex/base/omsenc.dfu
File: omsenc.dfu 2014/09/29 v1.1m UTF-8 support for inputenc
   defining Unicode char U+00A7 (decimal 167)
   defining Unicode char U+00B6 (decimal 182)
   defining Unicode char U+00B7 (decimal 183)
   defining Unicode char U+2020 (decimal 8224)
   defining Unicode char U+2021 (decimal 8225)
   defining Unicode char U+2022 (decimal 8226)
)
Now handling font encoding OMX ...
... no UTF-8 mapping file for font encoding OMX
Now handling font encoding U ...
... no UTF-8 mapping file for font encoding U
   defining Unicode char U+00A9 (decimal 169)
   defining Unicode char U+00AA (decimal 170)
   defining Unicode char U+00AE (decimal 174)
   defining Unicode char U+00BA (decimal 186)
   defining Unicode char U+02C6 (decimal 710)
   defining Unicode char U+02DC (decimal 732)
   defining Unicode char U+200C (decimal 8204)
   defining Unicode char U+2026 (decimal 8230)
   defining Unicode char U+2122 (decimal 8482)
   defining Unicode char U+2423 (decimal 9251)
))
(/usr/local/texlive/2015/texmf-dist/tex/latex/base/fontenc.sty
Package: fontenc 2005/09/27 v1.99g Standard LaTeX package

(/usr/local/texlive/2015/texmf-dist/tex/latex/base/t1enc.def
File: t1enc.def 2005/09/27 v1.99g Standard LaTeX file
LaTeX Font Info:    Redeclaring font encoding T1 on input line 48.
))
(/usr/local/texlive/2015/texmf-dist/tex/latex/microtype/microtype.sty
Package: microtype 2013/05/23 v2.5a Micro-typographical refinements (RS)

(/usr/local/texlive/2015/texmf-dist/tex/latex/graphics/keyval.sty
Package: keyval 2014/10/28 v1.15 key=value parser (DPC)
\KV@toks@=\toks16
)
\MT@toks=\toks17
\MT@count=\count88
LaTeX Info: Redefining \textls on input line 766.
\MT@outer@kern=\dimen103
LaTeX Info: Redefining \textmicrotypecontext on input line 1285.
\MT@listname@count=\count89

(/usr/local/texlive/2015/texmf-dist/tex/latex/microtype/microtype-pdftex.def
File: microtype-pdftex.def 2013/05/23 v2.5a Definitions specific to pdftex (RS)

LaTeX Info: Redefining \lsstyle on input line 915.
LaTeX Info: Redefining \lslig on input line 915.
\MT@outer@space=\skip43
)
Package microtype Info: Loading configuration file microtype.cfg.

(/usr/local/texlive/2015/texmf-dist/tex/latex/microtype/microtype.cfg
File: microtype.cfg 2013/05/23 v2.5a microtype main configuration file (RS)
))
(/usr/local/texlive/2015/texmf-dist/tex/latex/graphics/graphicx.sty
Package: graphicx 2014/10/28 v1.0g Enhanced LaTeX Graphics (DPC,SPQR)

(/usr/local/texlive/2015/texmf-dist/tex/latex/graphics/graphics.sty
Package: graphics 2014/10/28 v1.0p Standard LaTeX Graphics (DPC,SPQR)

(/usr/local/texlive/2015/texmf-dist/tex/latex/graphics/trig.sty
Package: trig 1999/03/16 v1.09 sin cos tan (DPC)
)
(/usr/local/texlive/2015/texmf-dist/tex/latex/latexconfig/graphics.cfg
File: graphics.cfg 2010/04/23 v1.9 graphics configuration of TeX Live
)
Package graphics Info: Driver file: dvips.def on input line 94.

(/usr/local/texlive/2015/texmf-dist/tex/latex/graphics/dvips.def
File: dvips.def 2014/10/14 v3.0j Driver-dependent file (DPC,SPQR)
))
\Gin@req@height=\dimen104
\Gin@req@width=\dimen105
)
(/usr/local/texlive/2015/texmf-dist/tex/latex/xcolor/xcolor.sty
Package: xcolor 2007/01/21 v2.11 LaTeX color extensions (UK)

(/usr/local/texlive/2015/texmf-dist/tex/latex/latexconfig/color.cfg
File: color.cfg 2007/01/18 v1.5 color configuration of teTeX/TeXLive
)
Package xcolor Info: Driver file: pdftex.def on input line 225.

(/usr/local/texlive/2015/texmf-dist/tex/latex/pdftex-def/pdftex.def
File: pdftex.def 2011/05/27 v0.06d Graphics/color for pdfTeX

(/usr/local/texlive/2015/texmf-dist/tex/generic/oberdiek/infwarerr.sty
Package: infwarerr 2010/04/08 v1.3 Providing info/warning/error messages (HO)
)
(/usr/local/texlive/2015/texmf-dist/tex/generic/oberdiek/ltxcmds.sty
Package: ltxcmds 2011/11/09 v1.22 LaTeX kernel commands for general use (HO)
)
\Gread@gobject=\count90
)
Package xcolor Info: Model `cmy' substituted by `cmy0' on input line 1337.
Package xcolor Info: Model `RGB' extended on input line 1353.
Package xcolor Info: Model `HTML' substituted by `rgb' on input line 1355.
Package xcolor Info: Model `Hsb' substituted by `hsb' on input line 1356.
Package xcolor Info: Model `tHsb' substituted by `hsb' on input line 1357.
Package xcolor Info: Model `HSB' substituted by `hsb' on input line 1358.
Package xcolor Info: Model `Gray' substituted by `gray' on input line 1359.
Package xcolor Info: Model `wave' substituted by `hsb' on input line 1360.
)
(/usr/local/texlive/2015/texmf-dist/tex/latex/psnfss/times.sty
Package: times 2005/04/12 PSNFSS-v9.2a (SPQR) 
)
(/usr/local/texlive/2015/texmf-dist/tex/latex/ms/ragged2e.sty
Package: ragged2e 2009/05/21 v2.1 ragged2e Package (MS)

(/usr/local/texlive/2015/texmf-dist/tex/latex/ms/everysel.sty
Package: everysel 2011/10/28 v1.2 EverySelectfont Package (MS)
)
\CenteringLeftskip=\skip44
\RaggedLeftLeftskip=\skip45
\RaggedRightLeftskip=\skip46
\CenteringRightskip=\skip47
\RaggedLeftRightskip=\skip48
\RaggedRightRightskip=\skip49
\CenteringParfillskip=\skip50
\RaggedLeftParfillskip=\skip51
\RaggedRightParfillskip=\skip52
\JustifyingParfillskip=\skip53
\CenteringParindent=\skip54
\RaggedLeftParindent=\skip55
\RaggedRightParindent=\skip56
\JustifyingParindent=\skip57
)
(/usr/local/texlive/2015/texmf-dist/tex/latex/titlesec/titlesec.sty
Package: titlesec 2011/12/15 v2.10.0 Sectioning titles
\ttl@box=\box26
\beforetitleunit=\skip58
\aftertitleunit=\skip59
\ttl@plus=\dimen106
\ttl@minus=\dimen107
\ttl@toksa=\toks18
\titlewidth=\dimen108
\titlewidthlast=\dimen109
\titlewidthfirst=\dimen110
)
(/usr/local/texlive/2015/texmf-dist/tex/latex/wrapfig/wrapfig.sty
\wrapoverhang=\dimen111
\WF@size=\dimen112
\c@WF@wrappedlines=\count91
\WF@box=\box27
\WF@everypar=\toks19
Package: wrapfig 2003/01/31  v 3.6
)
(/usr/local/texlive/2015/texmf-dist/tex/latex/subfigure/subfigure.sty
Package: subfigure 2002/03/15 v2.1.5 subfigure package
\subfigtopskip=\skip60
\subfigcapskip=\skip61
\subfigcaptopadj=\dimen113
\subfigbottomskip=\skip62
\subfigcapmargin=\dimen114
\subfiglabelskip=\skip63
\c@subfigure=\count92
\c@lofdepth=\count93
\c@subtable=\count94
\c@lotdepth=\count95

****************************************
* Local config file subfigure.cfg used *
****************************************
(/usr/local/texlive/2015/texmf-dist/tex/latex/subfigure/subfigure.cfg)
\subfig@top=\skip64
\subfig@bottom=\skip65
)
(/usr/local/texlive/2015/texmf-dist/tex/latex/setspace/setspace.sty
Package: setspace 2011/12/19 v6.7a set line spacing
)
(/usr/local/texlive/2015/texmf-dist/tex/latex/tools/verbatim.sty
Package: verbatim 2014/10/28 v1.5q LaTeX2e package for verbatim enhancements
\every@verbatim=\toks20
\verbatim@line=\toks21
\verbatim@in@stream=\read1
)
(/usr/local/texlive/2015/texmf-dist/tex/latex/cite/cite.sty
LaTeX Info: Redefining \cite on input line 302.
LaTeX Info: Redefining \nocite on input line 332.
Package: cite 2015/02/27  v 5.5
)
(/usr/local/texlive/2015/texmf-dist/tex/latex/url/url.sty
\Urlmuskip=\muskip10
Package: url 2013/09/16  ver 3.4  Verb mode for urls, etc.
)
(/usr/local/texlive/2015/texmf-dist/tex/latex/float/float.sty
Package: float 2001/11/08 v1.3d Float enhancements (AL)
\c@float@type=\count96
\float@exts=\toks22
\float@box=\box28
\@float@everytoks=\toks23
\@floatcapt=\box29
)
(/usr/local/texlive/2015/texmf-dist/tex/latex/amsmath/amsmath.sty
Package: amsmath 2013/01/14 v2.14 AMS math features
\@mathmargin=\skip66

For additional information on amsmath, use the `?' option.
(/usr/local/texlive/2015/texmf-dist/tex/latex/amsmath/amstext.sty
Package: amstext 2000/06/29 v2.01

(/usr/local/texlive/2015/texmf-dist/tex/latex/amsmath/amsgen.sty
File: amsgen.sty 1999/11/30 v2.0
\@emptytoks=\toks24
\ex@=\dimen115
))
(/usr/local/texlive/2015/texmf-dist/tex/latex/amsmath/amsbsy.sty
Package: amsbsy 1999/11/29 v1.2d
\pmbraise@=\dimen116
)
(/usr/local/texlive/2015/texmf-dist/tex/latex/amsmath/amsopn.sty
Package: amsopn 1999/12/14 v2.01 operator names
)
\inf@bad=\count97
LaTeX Info: Redefining \frac on input line 210.
\uproot@=\count98
\leftroot@=\count99
LaTeX Info: Redefining \overline on input line 306.
\classnum@=\count100
\DOTSCASE@=\count101
LaTeX Info: Redefining \ldots on input line 378.
LaTeX Info: Redefining \dots on input line 381.
LaTeX Info: Redefining \cdots on input line 466.
\Mathstrutbox@=\box30
\strutbox@=\box31
\big@size=\dimen117
LaTeX Font Info:    Redeclaring font encoding OML on input line 566.
LaTeX Font Info:    Redeclaring font encoding OMS on input line 567.
\macc@depth=\count102
\c@MaxMatrixCols=\count103
\dotsspace@=\muskip11
\c@parentequation=\count104
\dspbrk@lvl=\count105
\tag@help=\toks25
\row@=\count106
\column@=\count107
\maxfields@=\count108
\andhelp@=\toks26
\eqnshift@=\dimen118
\alignsep@=\dimen119
\tagshift@=\dimen120
\tagwidth@=\dimen121
\totwidth@=\dimen122
\lineht@=\dimen123
\@envbody=\toks27
\multlinegap=\skip67
\multlinetaggap=\skip68
\mathdisplay@stack=\toks28
LaTeX Info: Redefining \[ on input line 2665.
LaTeX Info: Redefining \] on input line 2666.
)
(/usr/local/texlive/2015/texmf-dist/tex/latex/algorithms/algorithm.sty
Package: algorithm 2009/08/24 v0.1 Document Style `algorithm' - floating enviro
nment

(/usr/local/texlive/2015/texmf-dist/tex/latex/base/ifthen.sty
Package: ifthen 2014/09/29 v1.1c Standard LaTeX ifthen package (DPC)
)
\@float@every@algorithm=\toks29
\c@algorithm=\count109
)
(/usr/local/texlive/2015/texmf-dist/tex/latex/algorithmicx/algpseudocode.sty
Package: algpseudocode 

(/usr/local/texlive/2015/texmf-dist/tex/latex/algorithmicx/algorithmicx.sty
Package: algorithmicx 2005/04/27 v1.2 Algorithmicx

Document Style algorithmicx 1.2 - a greatly improved `algorithmic' style
\c@ALG@line=\count110
\c@ALG@rem=\count111
\c@ALG@nested=\count112
\ALG@tlm=\skip69
\ALG@thistlm=\skip70
\c@ALG@Lnr=\count113
\c@ALG@blocknr=\count114
\c@ALG@storecount=\count115
\c@ALG@tmpcounter=\count116
\ALG@tmplength=\skip71
)
Document Style - pseudocode environments for use with the `algorithmicx' style
) (/usr/local/texlive/2015/texmf-dist/tex/latex/amsfonts/amsfonts.sty
Package: amsfonts 2013/01/14 v3.01 Basic AMSFonts support
\symAMSa=\mathgroup4
\symAMSb=\mathgroup5
LaTeX Font Info:    Overwriting math alphabet `\mathfrak' in version `bold'
(Font)                  U/euf/m/n --> U/euf/b/n on input line 106.
)
(/usr/local/texlive/2015/texmf-dist/tex/latex/amsfonts/amssymb.sty
Package: amssymb 2013/01/14 v3.01 AMS font symbols
)
(/usr/local/texlive/2015/texmf-dist/tex/latex/tools/calc.sty
Package: calc 2014/10/28 v4.3 Infix arithmetic (KKT,FJ)
\calc@Acount=\count117
\calc@Bcount=\count118
\calc@Adimen=\dimen124
\calc@Bdimen=\dimen125
\calc@Askip=\skip72
\calc@Bskip=\skip73
LaTeX Info: Redefining \setlength on input line 80.
LaTeX Info: Redefining \addtolength on input line 81.
\calc@Ccount=\count119
\calc@Cskip=\skip74
)
(/usr/local/texlive/2015/texmf-dist/tex/latex/calrsfs/calrsfs.sty
\symrsfscript=\mathgroup6
)
(/usr/local/texlive/2015/texmf-dist/tex/latex/cleveref/cleveref.sty
Package: cleveref 2013/12/28 v0.19 Intelligent cross-referencing
Package cleveref Info: `algorithmicx' support loaded on input line 2939.
)
(/usr/local/texlive/2015/texmf-dist/tex/latex/caption/caption.sty
Package: caption 2013/05/02 v3.3-89 Customizing captions (AR)

(/usr/local/texlive/2015/texmf-dist/tex/latex/caption/caption3.sty
Package: caption3 2013/05/02 v1.6-88 caption3 kernel (AR)
Package caption3 Info: TeX engine: e-TeX on input line 57.
\captionmargin=\dimen126
\captionmargin@=\dimen127
\captionwidth=\dimen128
\caption@tempdima=\dimen129
\caption@indent=\dimen130
\caption@parindent=\dimen131
\caption@hangindent=\dimen132
)
\c@ContinuedFloat=\count120
Package caption Info: float package is loaded.
Package caption Info: subfigure package is loaded.
Package caption Info: wrapfig package is loaded.
)
(/usr/local/texlive/2015/texmf-dist/tex/latex/hyperref/hyperref.sty
Package: hyperref 2012/11/06 v6.83m Hypertext links for LaTeX

(/usr/local/texlive/2015/texmf-dist/tex/generic/oberdiek/hobsub-hyperref.sty
Package: hobsub-hyperref 2012/05/28 v1.13 Bundle oberdiek, subset hyperref (HO)


(/usr/local/texlive/2015/texmf-dist/tex/generic/oberdiek/hobsub-generic.sty
Package: hobsub-generic 2012/05/28 v1.13 Bundle oberdiek, subset generic (HO)
Package: hobsub 2012/05/28 v1.13 Construct package bundles (HO)
Package hobsub Info: Skipping package `infwarerr' (already loaded).
Package hobsub Info: Skipping package `ltxcmds' (already loaded).
Package: ifluatex 2010/03/01 v1.3 Provides the ifluatex switch (HO)
Package ifluatex Info: LuaTeX not detected.
Package: ifvtex 2010/03/01 v1.5 Detect VTeX and its facilities (HO)
Package ifvtex Info: VTeX not detected.
Package: intcalc 2007/09/27 v1.1 Expandable calculations with integers (HO)
Package: ifpdf 2011/01/30 v2.3 Provides the ifpdf switch (HO)
Package ifpdf Info: pdfTeX in PDF mode is detected.
Package: etexcmds 2011/02/16 v1.5 Avoid name clashes with e-TeX commands (HO)
Package etexcmds Info: Could not find \expanded.
(etexcmds)             That can mean that you are not using pdfTeX 1.50 or
(etexcmds)             that some package has redefined \expanded.
(etexcmds)             In the latter case, load this package earlier.
Package: kvsetkeys 2012/04/25 v1.16 Key value parser (HO)
Package: kvdefinekeys 2011/04/07 v1.3 Define keys (HO)
Package: pdftexcmds 2011/11/29 v0.20 Utility functions of pdfTeX for LuaTeX (HO
)
Package pdftexcmds Info: LuaTeX not detected.
Package pdftexcmds Info: \pdf@primitive is available.
Package pdftexcmds Info: \pdf@ifprimitive is available.
Package pdftexcmds Info: \pdfdraftmode found.
Package: pdfescape 2011/11/25 v1.13 Implements pdfTeX's escape features (HO)
Package: bigintcalc 2012/04/08 v1.3 Expandable calculations on big integers (HO
)
Package: bitset 2011/01/30 v1.1 Handle bit-vector datatype (HO)
Package: uniquecounter 2011/01/30 v1.2 Provide unlimited unique counter (HO)
)
Package hobsub Info: Skipping package `hobsub' (already loaded).
Package: letltxmacro 2010/09/02 v1.4 Let assignment for LaTeX macros (HO)
Package: hopatch 2012/05/28 v1.2 Wrapper for package hooks (HO)
Package: xcolor-patch 2011/01/30 xcolor patch
Package: atveryend 2011/06/30 v1.8 Hooks at the very end of document (HO)
Package atveryend Info: \enddocument detected (standard20110627).
Package: atbegshi 2011/10/05 v1.16 At begin shipout hook (HO)
Package: refcount 2011/10/16 v3.4 Data extraction from label references (HO)
Package: hycolor 2011/01/30 v1.7 Color options for hyperref/bookmark (HO)
)
(/usr/local/texlive/2015/texmf-dist/tex/generic/ifxetex/ifxetex.sty
Package: ifxetex 2010/09/12 v0.6 Provides ifxetex conditional
)
(/usr/local/texlive/2015/texmf-dist/tex/latex/oberdiek/auxhook.sty
Package: auxhook 2011/03/04 v1.3 Hooks for auxiliary files (HO)
)
(/usr/local/texlive/2015/texmf-dist/tex/latex/oberdiek/kvoptions.sty
Package: kvoptions 2011/06/30 v3.11 Key value format for package options (HO)
)
\@linkdim=\dimen133
\Hy@linkcounter=\count121
\Hy@pagecounter=\count122

(/usr/local/texlive/2015/texmf-dist/tex/latex/hyperref/pd1enc.def
File: pd1enc.def 2012/11/06 v6.83m Hyperref: PDFDocEncoding definition (HO)
Now handling font encoding PD1 ...
... no UTF-8 mapping file for font encoding PD1
)
\Hy@SavedSpaceFactor=\count123

(/usr/local/texlive/2015/texmf-dist/tex/latex/latexconfig/hyperref.cfg
File: hyperref.cfg 2002/06/06 v1.2 hyperref configuration of TeXLive
)
Package hyperref Info: Option `breaklinks' set `true' on input line 4319.
Package hyperref Info: Option `colorlinks' set `true' on input line 4319.
Package hyperref Info: Option `bookmarks' set `true' on input line 4319.
Package hyperref Info: Hyper figures OFF on input line 4443.
Package hyperref Info: Link nesting OFF on input line 4448.
Package hyperref Info: Hyper index ON on input line 4451.
Package hyperref Info: Plain pages OFF on input line 4458.
Package hyperref Info: Backreferencing OFF on input line 4463.
Package hyperref Info: Implicit mode ON; LaTeX internals redefined.
Package hyperref Info: Bookmarks ON on input line 4688.
\c@Hy@tempcnt=\count124
LaTeX Info: Redefining \url on input line 5041.
\XeTeXLinkMargin=\dimen134
\Fld@menulength=\count125
\Field@Width=\dimen135
\Fld@charsize=\dimen136
Package hyperref Info: Hyper figures OFF on input line 6295.
Package hyperref Info: Link nesting OFF on input line 6300.
Package hyperref Info: Hyper index ON on input line 6303.
Package hyperref Info: backreferencing OFF on input line 6310.
Package hyperref Info: Link coloring ON on input line 6313.
Package hyperref Info: Link coloring with OCG OFF on input line 6320.
Package hyperref Info: PDF/A mode OFF on input line 6325.
LaTeX Info: Redefining \ref on input line 6365.
LaTeX Info: Redefining \pageref on input line 6369.
\Hy@abspage=\count126
\c@Item=\count127
\c@Hfootnote=\count128
)

Package hyperref Message: Driver (autodetected): hpdftex.

(/usr/local/texlive/2015/texmf-dist/tex/latex/hyperref/hpdftex.def
File: hpdftex.def 2012/11/06 v6.83m Hyperref driver for pdfTeX
\Fld@listcount=\count129
\c@bookmark@seq@number=\count130

(/usr/local/texlive/2015/texmf-dist/tex/latex/oberdiek/rerunfilecheck.sty
Package: rerunfilecheck 2011/04/15 v1.7 Rerun checks for auxiliary files (HO)
Package uniquecounter Info: New unique counter `rerunfilecheck' on input line 2
82.
)
\Hy@SectionHShift=\skip75
)
(/usr/local/texlive/2015/texmf-dist/tex/latex/geometry/geometry.sty
Package: geometry 2010/09/12 v5.6 Page Geometry
\Gm@cnth=\count131
\Gm@cntv=\count132
\c@Gm@tempcnt=\count133
\Gm@bindingoffset=\dimen137
\Gm@wd@mp=\dimen138
\Gm@odd@mp=\dimen139
\Gm@even@mp=\dimen140
\Gm@layoutwidth=\dimen141
\Gm@layoutheight=\dimen142
\Gm@layouthoffset=\dimen143
\Gm@layoutvoffset=\dimen144
\Gm@dimlist=\toks30
)

Package geometry Warning: Over-specification in `h'-direction.
    `width' (597.50787pt) is ignored.


Package geometry Warning: Over-specification in `v'-direction.
    `height' (845.04684pt) is ignored.


Package geometry Warning: Over-specification in `h'-direction.
    `width' (597.50787pt) is ignored.


Package geometry Warning: Over-specification in `v'-direction.
    `height' (845.04684pt) is ignored.

(./source.aux)
\openout1 = `source.aux'.

LaTeX Font Info:    Checking defaults for OML/cmm/m/it on input line 83.
LaTeX Font Info:    ... okay on input line 83.
LaTeX Font Info:    Checking defaults for T1/cmr/m/n on input line 83.
LaTeX Font Info:    ... okay on input line 83.
LaTeX Font Info:    Checking defaults for OT1/cmr/m/n on input line 83.
LaTeX Font Info:    ... okay on input line 83.
LaTeX Font Info:    Checking defaults for OMS/cmsy/m/n on input line 83.
LaTeX Font Info:    ... okay on input line 83.
LaTeX Font Info:    Checking defaults for OMX/cmex/m/n on input line 83.
LaTeX Font Info:    ... okay on input line 83.
LaTeX Font Info:    Checking defaults for U/cmr/m/n on input line 83.
LaTeX Font Info:    ... okay on input line 83.
LaTeX Font Info:    Checking defaults for PD1/pdf/m/n on input line 83.
LaTeX Font Info:    ... okay on input line 83.
LaTeX Font Info:    Try loading font information for T1+ptm on input line 83.
 (/usr/local/texlive/2015/texmf-dist/tex/latex/psnfss/t1ptm.fd
File: t1ptm.fd 2001/06/04 font definitions for T1/ptm.
)
LaTeX Info: Redefining \microtypecontext on input line 83.
Package microtype Info: Generating PDF output.
Package microtype Info: Character protrusion enabled (level 2).
Package microtype Info: Using default protrusion set `alltext'.
Package microtype Info: Automatic font expansion enabled (level 2),
(microtype)             stretch: 20, shrink: 20, step: 1, non-selected.
Package microtype Info: Using default expansion set `basictext'.
Package microtype Info: No adjustment of tracking.
Package microtype Info: No adjustment of interword spacing.
Package microtype Info: No adjustment of character kerning.

(/usr/local/texlive/2015/texmf-dist/tex/latex/microtype/mt-ptm.cfg
File: mt-ptm.cfg 2006/04/20 v1.7 microtype config. file: Times (RS)
)
(/usr/local/texlive/2015/texmf-dist/tex/latex/oberdiek/epstopdf-base.sty
Package: epstopdf-base 2010/02/09 v2.5 Base part for package epstopdf

(/usr/local/texlive/2015/texmf-dist/tex/latex/oberdiek/grfext.sty
Package: grfext 2010/08/19 v1.1 Manage graphics extensions (HO)
)
Package epstopdf-base Info: Redefining graphics rule for `.eps' on input line 4
34.
Package grfext Info: Graphics extension search list:
(grfext)             [.png,.pdf,.jpg,.mps,.jpeg,.jbig2,.jb2,.PNG,.PDF,.JPG,.JPE
G,.JBIG2,.JB2,.eps]
(grfext)             \AppendGraphicsExtensions on input line 452.

(/usr/local/texlive/2015/texmf-dist/tex/latex/latexconfig/epstopdf-sys.cfg
File: epstopdf-sys.cfg 2010/07/13 v1.3 Configuration of (r)epstopdf for TeX Liv
e
))
(/usr/local/texlive/2015/texmf-dist/tex/context/base/supp-pdf.mkii
[Loading MPS to PDF converter (version 2006.09.02).]
\scratchcounter=\count134
\scratchdimen=\dimen145
\scratchbox=\box32
\nofMPsegments=\count135
\nofMParguments=\count136
\everyMPshowfont=\toks31
\MPscratchCnt=\count137
\MPscratchDim=\dimen146
\MPnumerator=\count138
\makeMPintoPDFobject=\count139
\everyMPtoPDFconversion=\toks32
) ABD: EverySelectfont initializing macros
LaTeX Info: Redefining \selectfont on input line 83.
Package caption Info: Begin \AtBeginDocument code.
Package caption Info: hyperref package is loaded.
Package caption Info: End \AtBeginDocument code.
\AtBeginShipoutBox=\box33
Package hyperref Info: Link coloring ON on input line 83.

(/usr/local/texlive/2015/texmf-dist/tex/latex/hyperref/nameref.sty
Package: nameref 2012/10/27 v2.43 Cross-referencing by name of section

(/usr/local/texlive/2015/texmf-dist/tex/generic/oberdiek/gettitlestring.sty
Package: gettitlestring 2010/12/03 v1.4 Cleanup title references (HO)
)
\c@section@level=\count140
)
LaTeX Info: Redefining \ref on input line 83.
LaTeX Info: Redefining \pageref on input line 83.
LaTeX Info: Redefining \nameref on input line 83.

(./source.out) (./source.out)
\@outlinefile=\write3
\openout3 = `source.out'.


*geometry* driver: auto-detecting
*geometry* detected driver: pdftex
*geometry* verbose mode - [ preamble ] result:
* driver: pdftex
* paper: a4paper
* layout: <same size as paper>
* layoutoffset:(h,v)=(0.0pt,0.0pt)
* modes: 
* h-part:(L,W,R)=(56.9055pt, 483.69687pt, 56.9055pt)
* v-part:(T,H,B)=(42.67912pt, 702.78308pt, 99.58464pt)
* \paperwidth=597.50787pt
* \paperheight=845.04684pt
* \textwidth=483.69687pt
* \textheight=702.78308pt
* \oddsidemargin=-15.36449pt
* \evensidemargin=-15.36449pt
* \topmargin=-66.59087pt
* \headheight=12.0pt
* \headsep=25.0pt
* \topskip=11.0pt
* \footskip=30.0pt
* \marginparwidth=50.0pt
* \marginparsep=10.0pt
* \columnsep=10.0pt
* \skip\footins=10.0pt plus 4.0pt minus 2.0pt
* \hoffset=0.0pt
* \voffset=0.0pt
* \mag=1000
* \@twocolumnfalse
* \@twosidefalse
* \@mparswitchfalse
* \@reversemarginfalse
* (1in=72.27pt=25.4mm, 1cm=28.453pt)

LaTeX Font Info:    Try loading font information for T1+phv on input line 94.
(/usr/local/texlive/2015/texmf-dist/tex/latex/psnfss/t1phv.fd
File: t1phv.fd 2001/06/04 scalable font definitions for T1/phv.
)
Package microtype Info: Loading generic settings for font family
(microtype)             `phv' (encoding: T1).
(microtype)             For optimal results, create family-specific settings.
(microtype)             See the microtype manual for details.
LaTeX Font Info:    Try loading font information for OMS+phv on input line 137.


(/usr/local/texlive/2015/texmf-dist/tex/latex/psnfss/omsphv.fd
File: omsphv.fd 
)
LaTeX Font Info:    Font shape `OMS/phv/m/n' in size <10.95> not available
(Font)              Font shape `OMS/cmsy/m/n' tried instead on input line 137.
 [1

{/usr/local/texlive/2015/texmf-var/fonts/map/pdftex/updmap/pdftex.map}]
*geometry* verbose mode - [ newgeometry ] result:
* driver: pdftex
* paper: a4paper
* layout: <same size as paper>
* layoutoffset:(h,v)=(0.0pt,0.0pt)
* modes: 
* h-part:(L,W,R)=(56.9055pt, 483.69687pt, 56.9055pt)
* v-part:(T,H,B)=(99.58464pt, 645.87756pt, 99.58464pt)
* \paperwidth=597.50787pt
* \paperheight=845.04684pt
* \textwidth=483.69687pt
* \textheight=645.87756pt
* \oddsidemargin=-15.36449pt
* \evensidemargin=-15.36449pt
* \topmargin=-9.68535pt
* \headheight=12.0pt
* \headsep=25.0pt
* \topskip=11.0pt
* \footskip=30.0pt
* \marginparwidth=50.0pt
* \marginparsep=10.0pt
* \columnsep=10.0pt
* \skip\footins=10.0pt plus 4.0pt minus 2.0pt
* \hoffset=0.0pt
* \voffset=0.0pt
* \mag=1000
* \@twocolumnfalse
* \@twosidefalse
* \@mparswitchfalse
* \@reversemarginfalse
* (1in=72.27pt=25.4mm, 1cm=28.453pt)

LaTeX Font Info:    Font shape `T1/ptm/bx/n' in size <10.95> not available
(Font)              Font shape `T1/ptm/b/n' tried instead on input line 149.
 [2


] [3

]
LaTeX Font Info:    Font shape `T1/ptm/bx/n' in size <14.4> not available
(Font)              Font shape `T1/ptm/b/n' tried instead on input line 172.

(./source.toc
(/usr/local/texlive/2015/texmf-dist/tex/latex/microtype/mt-cmr.cfg
File: mt-cmr.cfg 2013/05/19 v2.2 microtype config. file: Computer Modern Roman 
(RS)
)
LaTeX Font Info:    Try loading font information for U+msa on input line 5.

(/usr/local/texlive/2015/texmf-dist/tex/latex/amsfonts/umsa.fd
File: umsa.fd 2013/01/14 v3.01 AMS symbols A
)
(/usr/local/texlive/2015/texmf-dist/tex/latex/microtype/mt-msa.cfg
File: mt-msa.cfg 2006/02/04 v1.1 microtype config. file: AMS symbols (a) (RS)
)
LaTeX Font Info:    Try loading font information for U+msb on input line 5.

(/usr/local/texlive/2015/texmf-dist/tex/latex/amsfonts/umsb.fd
File: umsb.fd 2013/01/14 v3.01 AMS symbols B
)
(/usr/local/texlive/2015/texmf-dist/tex/latex/microtype/mt-msb.cfg
File: mt-msb.cfg 2005/06/01 v1.0 microtype config. file: AMS symbols (b) (RS)
)
LaTeX Font Info:    Try loading font information for OMS+rsfs on input line 5.

(/usr/local/texlive/2015/texmf-dist/tex/latex/calrsfs/OMSrsfs.fd) [4



])
\tf@toc=\write4
\openout4 = `source.toc'.

 [5]
(./source.lof)
\tf@lof=\write5
\openout5 = `source.lof'.

 [6

] (./source.lot)
\tf@lot=\write6
\openout6 = `source.lot'.

 [7

]pdfTeX warning (ext4): destination with the same identifier (name{page.1}) has
 been already used, duplicate ignored
<to be read again> 
                   \relax 
l.191 \end{abstract}
                     [1

]pdfTeX warning (ext4): destination with the same identifier (name{page.2}) has
 been already used, duplicate ignored
<to be read again> 
                   \relax 
l.191 \end{abstract}
                     [2]
Chapter 1.
pdfTeX warning (ext4): destination with the same identifier (name{page.1}) has 
been already used, duplicate ignored
<to be read again> 
                   \relax 
l.213 
       [1

]pdfTeX warning (ext4): destination with the same identifier (name{page.2}) has
 been already used, duplicate ignored
<to be read again> 
                   \relax 
l.227 
       [2]pdfTeX warning (ext4): destination with the same identifier (name{pag
e.3}) has been already used, duplicate ignored
<to be read again> 
                   \relax 
l.231 I
       n this paper, we are incorporating parallelization into the processin...
[3]
Package epstopdf Info: Source file: <images/sample_snapshot_of_simulation.eps>
(epstopdf)                    date: 2016-01-23 15:14:14
(epstopdf)                    size: 1485626 bytes
(epstopdf)             Output file: <images/sample_snapshot_of_simulation-eps-c
onverted-to.pdf>
(epstopdf)                    date: 2016-01-23 15:16:51
(epstopdf)                    size: 224747 bytes
(epstopdf)             Command: <repstopdf --outfile=images/sample_snapshot_of_
simulation-eps-converted-to.pdf images/sample_snapshot_of_simulation.eps>
(epstopdf)             \includegraphics on input line 234.
Package epstopdf Info: Output file is already uptodate.

<images/sample_snapshot_of_simulation-eps-converted-to.pdf, id=283, 568.1225pt 
x 364.36125pt>
File: images/sample_snapshot_of_simulation-eps-converted-to.pdf Graphic file (t
ype pdf)
 <use images/sample_snapshot_of_simulation-eps-converted-to.pdf>
Package pdftex.def Info: images/sample_snapshot_of_simulation-eps-converted-to.
pdf used on input line 234.
(pdftex.def)             Requested size: 241.84843pt x 155.11pt.
pdfTeX warning (ext4): destination with the same identifier (name{page.4}) has 
been already used, duplicate ignored
<to be read again> 
                   \relax 
l.242 
       [4 <./images/sample_snapshot_of_simulation-eps-converted-to.pdf>]
Package epstopdf Info: Source file: <images/speedup838K-pomalo-za-4.eps>
(epstopdf)                    date: 2015-03-21 20:47:20
(epstopdf)                    size: 296803 bytes
(epstopdf)             Output file: <images/speedup838K-pomalo-za-4-eps-convert
ed-to.pdf>
(epstopdf)                    date: 2016-01-16 15:01:16
(epstopdf)                    size: 11464 bytes
(epstopdf)             Command: <repstopdf --outfile=images/speedup838K-pomalo-
za-4-eps-converted-to.pdf images/speedup838K-pomalo-za-4.eps>
(epstopdf)             \includegraphics on input line 244.
Package epstopdf Info: Output file is already uptodate.

<images/speedup838K-pomalo-za-4-eps-converted-to.pdf, id=313, 403.5075pt x 187.
70125pt>
File: images/speedup838K-pomalo-za-4-eps-converted-to.pdf Graphic file (type pd
f)
 <use images/speedup838K-pomalo-za-4-eps-converted-to.pdf>
Package pdftex.def Info: images/speedup838K-pomalo-za-4-eps-converted-to.pdf us
ed on input line 244.
(pdftex.def)             Requested size: 241.84843pt x 112.50133pt.
pdfTeX warning (ext4): destination with the same identifier (name{page.5}) has 
been already used, duplicate ignored
<to be read again> 
                   \relax 
l.254 
       [5 <./images/speedup838K-pomalo-za-4-eps-converted-to.pdf>]pdfTeX warnin
g (ext4): destination with the same identifier (name{page.6}) has been already 
used, duplicate ignored
<to be read again> 
                   \relax 
l.257 F
       inally, we've analyzed some main ideas, advantages, and disadvantages...
[6]
Package epstopdf Info: Source file: <images/kernelatom.eps>
(epstopdf)                    date: 2016-01-31 20:13:54
(epstopdf)                    size: 1929502 bytes
(epstopdf)             Output file: <images/kernelatom-eps-converted-to.pdf>
(epstopdf)                    date: 2016-01-31 20:14:04
(epstopdf)                    size: 24618 bytes
(epstopdf)             Command: <repstopdf --outfile=images/kernelatom-eps-conv
erted-to.pdf images/kernelatom.eps>
(epstopdf)             \includegraphics on input line 270.
Package epstopdf Info: Output file is already uptodate.
 <images/kernelatom-eps-converted-to.pdf, id=332, 343.2825pt x 219.82124pt>
File: images/kernelatom-eps-converted-to.pdf Graphic file (type pdf)

<use images/kernelatom-eps-converted-to.pdf>
Package pdftex.def Info: images/kernelatom-eps-converted-to.pdf used on input l
ine 270.
(pdftex.def)             Requested size: 241.84843pt x 154.86665pt.
pdfTeX warning (ext4): destination with the same identifier (name{page.7}) has 
been already used, duplicate ignored
<to be read again> 
                   \relax 
l.283 
       [7] [8 <./images/kernelatom-eps-converted-to.pdf>] [9] [10]
Chapter 2.
[11

] [12] [13] [14] [15]
Chapter 3.

LaTeX Warning: `h' float specifier changed to `ht'.

LaTeX Font Info:    Font shape `T1/ptm/bx/it' in size <10.95> not available
(Font)              Font shape `T1/ptm/b/it' tried instead on input line 393.
[16

] [17] [18]
Chapter 4.
Package epstopdf Info: Source file: <images/memory-organization.eps>
(epstopdf)                    date: 2016-02-06 23:37:44
(epstopdf)                    size: 2109506 bytes
(epstopdf)             Output file: <images/memory-organization-eps-converted-t
o.pdf>
(epstopdf)                    date: 2016-02-06 23:38:31
(epstopdf)                    size: 20575 bytes
(epstopdf)             Command: <repstopdf --outfile=images/memory-organization
-eps-converted-to.pdf images/memory-organization.eps>
(epstopdf)             \includegraphics on input line 412.
Package epstopdf Info: Output file is already uptodate.

<images/memory-organization-eps-converted-to.pdf, id=436, 334.24875pt x 473.77p
t>
File: images/memory-organization-eps-converted-to.pdf Graphic file (type pdf)
 <use images/memory-organization-eps-converted-to.pdf>
Package pdftex.def Info: images/memory-organization-eps-converted-to.pdf used o
n input line 412.
(pdftex.def)             Requested size: 314.40001pt x 445.66917pt.
 [19

] [20 <./images/memory-organization-eps-converted-to.pdf>] [21] [22]
<images/reduction.png, id=473, 228.855pt x 168.63pt>
File: images/reduction.png Graphic file (type png)

<use images/reduction.png>
Package pdftex.def Info: images/reduction.png used on input line 443.
(pdftex.def)             Requested size: 314.40001pt x 231.67268pt.

<images/overallarchitecture.png, id=475, 334.24875pt x 532.99126pt>
File: images/overallarchitecture.png Graphic file (type png)

<use images/overallarchitecture.png>
Package pdftex.def Info: images/overallarchitecture.png used on input line 449.

(pdftex.def)             Requested size: 314.40001pt x 501.37784pt.
 [23] [24 <./images/reduction.png>]
[25 <./images/overallarchitecture.png>]
<images/threadload.png, id=495, 416.55624pt x 211.79124pt>
File: images/threadload.png Graphic file (type png)

<use images/threadload.png>
Package pdftex.def Info: images/threadload.png used on input line 463.
(pdftex.def)             Requested size: 241.84843pt x 122.96504pt.
LaTeX Font Info:    Font shape `T1/ptm/bx/n' in size <12> not available
(Font)              Font shape `T1/ptm/b/n' tried instead on input line 476.
 [26 <./images/threadload.png>]
Package hyperref Info: bookmark level for unknown algorithm defaults to 0 on in
put line 481.
 [27]pdfTeX warning (ext4): destination with the same identifier (name{ALG@line
.1}) has been already used, duplicate ignored
<to be read again> 
                   \relax 
l.543 \Procedure
                {gpuonebodyfunctionskernel}{atomsCount, atoms, results}pdfTeX w
arning (ext4): destination with the same identifier (name{ALG@line.2}) has been
 already used, duplicate ignored
<to be read again> 
                   \relax 
l.544 \State
             \Comment{ $atoms$ is vector of atoms kept in global gpu memory}pdf
TeX warning (ext4): destination with the same identifier (name{ALG@line.3}) has
 been already used, duplicate ignored
<to be read again> 
                   \relax 
l.545 \State
             \Comment{ $atomsCount$ is number of atoms in the frame kept in ...
pdfTeX warning (ext4): destination with the same identifier (name{ALG@line.4}) 
has been already used, duplicate ignored
<to be read again> 
                   \relax 
l.546 \State
             \Comment{ $results$ is number of atoms in the frame kept in glo...
pdfTeX warning (ext4): destination with the same identifier (name{ALG@line.5}) 
has been already used, duplicate ignored
<to be read again> 
                   \relax 
l.548 \BState
              \emph{top}:pdfTeX warning (ext4): destination with the same ident
ifier (name{ALG@line.6}) has been already used, duplicate ignored
<to be read again> 
                   \relax 
l.550 \State
             $\textit{sdata} \gets \textit{allocate shared memory in each GP...
pdfTeX warning (ext4): destination with the same identifier (name{ALG@line.7}) 
has been already used, duplicate ignored
<to be read again> 
                   \relax 
l.551 \State
             \Comment{We will use this further to accumulate data across blo...
pdfTeX warning (ext4): destination with the same identifier (name{ALG@line.8}) 
has been already used, duplicate ignored
<to be read again> 
                   \relax 
l.553 \State
             $\textit{indexX} \gets \textit{blockIdsx.x * blockDim.x + threa...
pdfTeX warning (ext4): destination with the same identifier (name{ALG@line.9}) 
has been already used, duplicate ignored
<to be read again> 
                   \relax 
l.554 \State
             \Comment{Identify position of the kernel in the grid scale for ...
pdfTeX warning (ext4): destination with the same identifier (name{ALG@line.10})
 has been already used, duplicate ignored
<to be read again> 
                   \relax 
l.555 \State
             $\textit{indexY} \gets \textit{blockIdsx.y * blockDim.y + threa...
pdfTeX warning (ext4): destination with the same identifier (name{ALG@line.11})
 has been already used, duplicate ignored
<to be read again> 
                   \relax 
l.556 \State
             \Comment{Identify position of the kernel in the grid scale for ...
pdfTeX warning (ext4): destination with the same identifier (name{ALG@line.12})
 has been already used, duplicate ignored
<to be read again> 
                   \relax 
l.558 \State
             $\textit{gridWidth} \gets \textit{gridDim.x * blockDim.x}$pdfTeX w
arning (ext4): destination with the same identifier (name{ALG@line.13}) has bee
n already used, duplicate ignored
<to be read again> 
                   \relax 
l.559 \State
             \Comment{Calculate grid size in kernel units}pdfTeX warning (ext4)
: destination with the same identifier (name{ALG@line.14}) has been already use
d, duplicate ignored
<to be read again> 
                   \relax 
l.560 \State
             $\textit{i} \gets \textit{indexY * gridWidth + indexX}$pdfTeX warn
ing (ext4): destination with the same identifier (name{ALG@line.15}) has been a
lready used, duplicate ignored
<to be read again> 
                   \relax 
l.561 \State
             \Comment{Finally get the index of current atom mapped to this k...
pdfTeX warning (ext4): destination with the same identifier (name{ALG@line.16})
 has been already used, duplicate ignored
<to be read again> 
                   \relax 
l.563 \State
             $\textit{sharedResult} \gets \textit{pointer to shared memory h...
pdfTeX warning (ext4): destination with the same identifier (name{ALG@line.17})
 has been already used, duplicate ignored
<to be read again> 
                   \relax 
l.565 \State
             $\textit{currentAtom} \gets \textit{atoms[i]}$pdfTeX warning (ext4
): destination with the same identifier (name{ALG@line.18}) has been already us
ed, duplicate ignored
<to be read again> 
                   \relax 
l.566 \State
            pdfTeX warning (ext4): destination with the same identifier (name{A
LG@line.19}) has been already used, duplicate ignored
<to be read again> 
                   \relax 
l.567 \State
             $\textit{atomicAdd(\&sharedResult[0], currentAtom.mass);}$pdfTeX w
arning (ext4): destination with the same identifier (name{ALG@line.20}) has bee
n already used, duplicate ignored
<to be read again> 
                   \relax 
l.568 \State
            pdfTeX warning (ext4): destination with the same identifier (name{A
LG@line.21}) has been already used, duplicate ignored
<to be read again> 
                   \relax 
l.569 \State
             $\textit{atomicAdd(\&sharedResult[1], currentAtom.charge);}$pdfTeX
 warning (ext4): destination with the same identifier (name{ALG@line.22}) has b
een already used, duplicate ignored
<to be read again> 
                   \relax 
l.570 \State
             $\textit{atomicAdd(\&sharedResult[2], currentAtom.mass * curren...
pdfTeX warning (ext4): destination with the same identifier (name{ALG@line.23})
 has been already used, duplicate ignored
<to be read again> 
                   \relax 
l.571 \State
             $\textit{atomicAdd(\&sharedResult[3], currentAtom.mass * curren...
pdfTeX warning (ext4): destination with the same identifier (name{ALG@line.24})
 has been already used, duplicate ignored
<to be read again> 
                   \relax 
l.572 \State
             $\textit{atomicAdd(\&sharedResult[3], currentAtom.mass * curren...
pdfTeX warning (ext4): destination with the same identifier (name{ALG@line.25})
 has been already used, duplicate ignored
<to be read again> 
                   \relax 
l.573 \State
             $\textit{// other function steps...}$pdfTeX warning (ext4): destin
ation with the same identifier (name{ALG@line.26}) has been already used, dupli
cate ignored
<to be read again> 
                   \relax 
l.575 \State
            pdfTeX warning (ext4): destination with the same identifier (name{A
LG@line.27}) has been already used, duplicate ignored
<to be read again> 
                   \relax 
l.577 \State
            $\textit{// make sure all kernel threads get here and wait for e...

Overfull \hbox (34.73596pt too wide) in paragraph at lines 581--582
[] $[]$ 
 []

[28] [29]pdfTeX warning (ext4): destination with the same identifier (name{ALG@
line.1}) has been already used, duplicate ignored
<to be read again> 
                   \relax 
l.612 \Procedure
                {SDHCPU}{atoms, atomsCount, histogram}pdfTeX warning (ext4): de
stination with the same identifier (name{ALG@line.2}) has been already used, du
plicate ignored
<to be read again> 
                   \relax 
l.614 \State
             $\textit{i} \gets 0$pdfTeX warning (ext4): destination with the sa
me identifier (name{ALG@line.3}) has been already used, duplicate ignored
<to be read again> 
                   \relax 
l.615 \While
            {i < atomsCount}pdfTeX warning (ext4): destination with the same id
entifier (name{ALG@line.4}) has been already used, duplicate ignored
<to be read again> 
                   \relax 
l.617 \State
             $\textit{j} \gets i + 1$pdfTeX warning (ext4): destination with th
e same identifier (name{ALG@line.5}) has been already used, duplicate ignored
<to be read again> 
                   \relax 
l.618 \While
            {j < atomsCount}pdfTeX warning (ext4): destination with the same id
entifier (name{ALG@line.6}) has been already used, duplicate ignored
<to be read again> 
                   \relax 
l.619 \State
             $\textit{dist} \gets calcDistance(atoms[i], atoms[j])$pdfTeX warni
ng (ext4): destination with the same identifier (name{ALG@line.7}) has been alr
eady used, duplicate ignored
<to be read again> 
                   \relax 
l.620 \State
             $\textit{Save dist in histogram bucket}$pdfTeX warning (ext4): des
tination with the same identifier (name{ALG@line.8}) has been already used, dup
licate ignored
<to be read again> 
                   \relax 
l.621 \State
            pdfTeX warning (ext4): destination with the same identifier (name{A
LG@line.9}) has been already used, duplicate ignored
<to be read again> 
                   \relax 
l.622 \State
             $\textit{j} \gets j + 1$pdfTeX warning (ext4): destination with th
e same identifier (name{ALG@line.10}) has been already used, duplicate ignored
<to be read again> 
                   \relax 
l.623 \EndWhile
               pdfTeX warning (ext4): destination with the same identifier (nam
e{ALG@line.11}) has been already used, duplicate ignored
<to be read again> 
                   \relax 
l.625 \State
             $\textit{i} \gets i + 1$pdfTeX warning (ext4): destination with th
e same identifier (name{ALG@line.12}) has been already used, duplicate ignored
<to be read again> 
                   \relax 
l.626 \EndWhile
               pdfTeX warning (ext4): destination with the same identifier (nam
e{ALG@line.13}) has been already used, duplicate ignored
<to be read again> 
                   \relax 
l.628 \EndProcedure
                    [30]
<images/sharedMem.png, id=572, 438.63875pt x 369.38pt>
File: images/sharedMem.png Graphic file (type png)

<use images/sharedMem.png>
Package pdftex.def Info: images/sharedMem.png used on input line 651.
(pdftex.def)             Requested size: 241.84843pt x 203.66689pt.
 [31 <./images/sharedMem.png>]pdfTeX warning (ext4): destination with the same 
identifier (name{ALG@line.1}) has been already used, duplicate ignored
<to be read again> 
                   \relax 
l.666 \Procedure
                {gpusdhkernel}{atomsCount, pdhRes, histogram, atoms, numOfBu...
pdfTeX warning (ext4): destination with the same identifier (name{ALG@line.2}) 
has been already used, duplicate ignored
<to be read again> 
                   \relax 
l.668 \State
             $\textit{smem} \gets \textit{pointer to head of SM}$pdfTeX warning
 (ext4): destination with the same identifier (name{ALG@line.3}) has been alrea
dy used, duplicate ignored
<to be read again> 
                   \relax 
l.670 \State
             $\textit{sharedHisto} \gets \textit{pointer to the head of smem}$p
dfTeX warning (ext4): destination with the same identifier (name{ALG@line.4}) h
as been already used, duplicate ignored
<to be read again> 
                   \relax 
l.671 \State
             $\textit{sharedAtoms} \gets \textit{pointer to the tail of shar...
pdfTeX warning (ext4): destination with the same identifier (name{ALG@line.5}) 
has been already used, duplicate ignored
<to be read again> 
                   \relax 
l.672 \State
             $\textit{index} \gets \textit{calculate index of kernel mapped ...
pdfTeX warning (ext4): destination with the same identifier (name{ALG@line.6}) 
has been already used, duplicate ignored
<to be read again> 
                   \relax 
l.674 \State
            pdfTeX warning (ext4): destination with the same identifier (name{A
LG@line.7}) has been already used, duplicate ignored
<to be read again> 
                   \relax 
l.675 \If
          {$\textit{threadIdx.x} = 0$}pdfTeX warning (ext4): destination with t
he same identifier (name{ALG@line.8}) has been already used, duplicate ignored
<to be read again> 
                   \relax 
l.677 \State
             $\textit{sharedHisto} \gets \textit{Set all values to 0}$pdfTeX wa
rning (ext4): destination with the same identifier (name{ALG@line.9}) has been 
already used, duplicate ignored
<to be read again> 
                   \relax 
l.678 \State
             $\textit{start} \gets \textit{index, }pdfTeX warning (ext4): desti
nation with the same identifier (name{ALG@line.10}) has been already used, dupl
icate ignored
<to be read again> 
                   \relax 
l.682 \For
           {$i < start + blockDim.x$ and $i < atomsCount$}pdfTeX warning (ext4)
: destination with the same identifier (name{ALG@line.11}) has been already use
d, duplicate ignored
<to be read again> 
                   \relax 
l.683 	\State
              $\textit{sharedAtoms[k]} \gets \textit{atoms[i]}$pdfTeX warning (
ext4): destination with the same identifier (name{ALG@line.12}) has been alread
y used, duplicate ignored
<to be read again> 
                   \relax 
l.685 	\State
              $\textit{i} \gets \textit{i + 1, } \textit{k} \gets \textit{k ...
pdfTeX warning (ext4): destination with the same identifier (name{ALG@line.13})
 has been already used, duplicate ignored
<to be read again> 
                   \relax 
l.686 \EndFor
             pdfTeX warning (ext4): destination with the same identifier (name{
ALG@line.14}) has been already used, duplicate ignored
<to be read again> 
                   \relax 
l.688 \EndIf
            pdfTeX warning (ext4): destination with the same identifier (name{A
LG@line.15}) has been already used, duplicate ignored
<to be read again> 
                   \relax 
l.690 \State
            pdfTeX warning (ext4): destination with the same identifier (name{A
LG@line.16}) has been already used, duplicate ignored
<to be read again> 
                   \relax 
l.691 \State
             $\textit{\_\_syncthreads()}$pdfTeX warning (ext4): destination wit
h the same identifier (name{ALG@line.17}) has been already used, duplicate igno
red
<to be read again> 
                   \relax 
l.692 \State
             $\textit{threadLoad} = \textit{(atomsCount + 1) / 2}$pdfTeX warnin
g (ext4): destination with the same identifier (name{ALG@line.18}) has been alr
eady used, duplicate ignored
<to be read again> 
                   \relax 
l.693 \State
             $\textit{start} \gets \textit{i+1}$pdfTeX warning (ext4): destinat
ion with the same identifier (name{ALG@line.19}) has been already used, duplica
te ignored
<to be read again> 
                   \relax 
l.694 \State
             $\textit{end} \gets \textit{i + threadLoad, }pdfTeX warning (ext4)
: destination with the same identifier (name{ALG@line.20}) has been already use
d, duplicate ignored
<to be read again> 
                   \relax 
l.697 \State
             $\textit{bi} \gets \textit{blockDim.x * blockIdx.x, } \textit{e...
pdfTeX warning (ext4): destination with the same identifier (name{ALG@line.21})
 has been already used, duplicate ignored
<to be read again> 
                   \relax 
l.699 \State
             $\textit{ind1} \gets \textit{threadIdx.x}$pdfTeX warning (ext4): d
estination with the same identifier (name{ALG@line.22}) has been already used, 
duplicate ignored
<to be read again> 
                   \relax 
l.701 \State
             $\textit{j} \gets \textit{start}$pdfTeX warning (ext4): destinatio
n with the same identifier (name{ALG@line.23}) has been already used, duplicate
 ignored
<to be read again> 
                   \relax 
l.703 \For
           {$\textit{j} < \textit{end}$}pdfTeX warning (ext4): destination with
 the same identifier (name{ALG@line.24}) has been already used, duplicate ignor
ed
<to be read again> 
                   \relax 
l.705 \State
             $\textit{ind2} \gets \textit{j mod atomsCount}$pdfTeX warning (ext
4): destination with the same identifier (name{ALG@line.25}) has been already u
sed, duplicate ignored
<to be read again> 
                   \relax 
l.706 \State
             $\textit{atom1} \gets \textit{load from shared memory}$pdfTeX warn
ing (ext4): destination with the same identifier (name{ALG@line.26}) has been a
lready used, duplicate ignored
<to be read again> 
                   \relax 
l.708 \If
         { $\textit{atom2 can be loaded from shared memory}$}pdfTeX warning (ex
t4): destination with the same identifier (name{ALG@line.27}) has been already 
used, duplicate ignored
<to be read again> 
                   \relax 
l.709 \State
             $\textit{atom2} \gets \textit{load from local memory}$pdfTeX warni
ng (ext4): destination with the same identifier (name{ALG@line.28}) has been al
ready used, duplicate ignored
<to be read again> 
                   \relax 
l.710 \Else
           pdfTeX warning (ext4): destination with the same identifier (name{AL
G@line.29}) has been already used, duplicate ignored
<to be read again> 
                   \relax 
l.711 \State
             $\textit{atom2} \gets \textit{load from global memory}$pdfTeX warn
ing (ext4): destination with the same identifier (name{ALG@line.30}) has been a
lready used, duplicate ignored
<to be read again> 
                   \relax 
l.712 \EndIf
            pdfTeX warning (ext4): destination with the same identifier (name{A
LG@line.31}) has been already used, duplicate ignored
<to be read again> 
                   \relax 
l.714 \State
             $\textit{calc distance and atomically write to local histogram}$pd
fTeX warning (ext4): destination with the same identifier (name{ALG@line.32}) h
as been already used, duplicate ignored
<to be read again> 
                   \relax 
l.715 \EndFor
             pdfTeX warning (ext4): destination with the same identifier (name{
ALG@line.33}) has been already used, duplicate ignored
<to be read again> 
                   \relax 
l.717 \State
            pdfTeX warning (ext4): destination with the same identifier (name{A
LG@line.34}) has been already used, duplicate ignored
<to be read again> 
                   \relax 
l.718 \State
             $\textit{synchronize all threads}$pdfTeX warning (ext4): destinati
on with the same identifier (name{ALG@line.35}) has been already used, duplicat
e ignored
<to be read again> 
                   \relax 
l.719 \State
             $\textit{gather all histogram from shared into global memory}$pdfT
eX warning (ext4): destination with the same identifier (name{ALG@line.36}) has
 been already used, duplicate ignored
<to be read again> 
                   \relax 
l.720 \EndProcedure
                    [32]pdfTeX warning (ext4): destination with the same identi
fier (name{ALG@line.1}) has been already used, duplicate ignored
<to be read again> 
                   \relax 
l.739 \Procedure
                {runsinglekernel}{atomsCount, atoms, workload}pdfTeX warning (e
xt4): destination with the same identifier (name{ALG@line.2}) has been already 
used, duplicate ignored
<to be read again> 
                   \relax 
l.741 \State
             $\textit{stream1} \gets \textit{create CUDA stream with cudaStr...
pdfTeX warning (ext4): destination with the same identifier (name{ALG@line.3}) 
has been already used, duplicate ignored
<to be read again> 
                   \relax 
l.742 \State
             $\textit{stream2} \gets \textit{create CUDA stream with cudaStr...
pdfTeX warning (ext4): destination with the same identifier (name{ALG@line.4}) 
has been already used, duplicate ignored
<to be read again> 
                   \relax 
l.743 \State
            pdfTeX warning (ext4): destination with the same identifier (name{A
LG@line.5}) has been already used, duplicate ignored
<to be read again> 
                   \relax 
l.744 \State
             $\textit{gpuResults} \gets \textit{allocate gpu global memory}$pdf
TeX warning (ext4): destination with the same identifier (name{ALG@line.6}) has
 been already used, duplicate ignored
<to be read again> 
                   \relax 
l.745 \State
             $\textit{gpuAtoms} \gets \textit{allocate gpu global memory}$pdfTe
X warning (ext4): destination with the same identifier (name{ALG@line.7}) has b
een already used, duplicate ignored
<to be read again> 
                   \relax 
l.746 \State
             $\textit{gpuHistogram} \gets \textit{allocate gpu global memory}$p
dfTeX warning (ext4): destination with the same identifier (name{ALG@line.8}) h
as been already used, duplicate ignored
<to be read again> 
                   \relax 
l.747 \State
            pdfTeX warning (ext4): destination with the same identifier (name{A
LG@line.9}) has been already used, duplicate ignored
<to be read again> 
                   \relax 
l.748 \State
             $\textit{gpuAtoms} \gets \textit{copy atoms from CPU to GPU wit...
pdfTeX warning (ext4): destination with the same identifier (name{ALG@line.10})
 has been already used, duplicate ignored
<to be read again> 
                   \relax 
l.750 \State
             $\textit{gridSize} \gets \textit{compute grid size depending on...
pdfTeX warning (ext4): destination with the same identifier (name{ALG@line.11})
 has been already used, duplicate ignored
<to be read again> 
                   \relax 
l.752 \State
            pdfTeX warning (ext4): destination with the same identifier (name{A
LG@line.12}) has been already used, duplicate ignored
<to be read again> 
                   \relax 
l.754 \For
           {$workload$}pdfTeX warning (ext4): destination with the same identif
ier (name{ALG@line.13}) has been already used, duplicate ignored
<to be read again> 
                   \relax 
l.756 \State
             $\textit{gpukernel1(stream1, sharedMemorySize, gpuAtoms, ...)}$pdf
TeX warning (ext4): destination with the same identifier (name{ALG@line.14}) ha
s been already used, duplicate ignored
<to be read again> 
                   \relax 
l.758 \State
             $\textit{gpukernel2(stream2, sharedMemorySize, gpuAtoms, ...)}$pdf
TeX warning (ext4): destination with the same identifier (name{ALG@line.15}) ha
s been already used, duplicate ignored
<to be read again> 
                   \relax 
l.761 \State
            pdfTeX warning (ext4): destination with the same identifier (name{A
LG@line.16}) has been already used, duplicate ignored
<to be read again> 
                   \relax 
l.762 \State
             $\textit{cudaStreamSynchronize(stream1)}$pdfTeX warning (ext4): de
stination with the same identifier (name{ALG@line.17}) has been already used, d
uplicate ignored
<to be read again> 
                   \relax 
l.763 \State
             $\textit{cudaStreamSynchronize(stream2)}$pdfTeX warning (ext4): de
stination with the same identifier (name{ALG@line.18}) has been already used, d
uplicate ignored
<to be read again> 
                   \relax 
l.765 \EndFor
             pdfTeX warning (ext4): destination with the same identifier (name{
ALG@line.19}) has been already used, duplicate ignored
<to be read again> 
                   \relax 
l.767 \EndProcedure
                   pdfTeX warning (ext4): destination with the same identifier 
(name{ALG@line.1}) has been already used, duplicate ignored
<to be read again> 
                   \relax 
l.784 \Procedure
                {runsinglekernel}{atomsCount, atoms, nextAtoms, workload}pdfTeX
 warning (ext4): destination with the same identifier (name{ALG@line.2}) has be
en already used, duplicate ignored
<to be read again> 
                   \relax 
l.786 \State
             $\textit{stream1, stream2} \gets \textit{create CUDA stream wit...
pdfTeX warning (ext4): destination with the same identifier (name{ALG@line.3}) 
has been already used, duplicate ignored
<to be read again> 
                   \relax 
l.788 \State
            pdfTeX warning (ext4): destination with the same identifier (name{A
LG@line.4}) has been already used, duplicate ignored
<to be read again> 
                   \relax 
l.789 \State
             $\textit{The same routing with allocating memory for now for ne...
pdfTeX warning (ext4): destination with the same identifier (name{ALG@line.5}) 
has been already used, duplicate ignored
<to be read again> 
                   \relax 
l.791 \State
            pdfTeX warning (ext4): destination with the same identifier (name{A
LG@line.6}) has been already used, duplicate ignored
<to be read again> 
                   \relax 
l.792 \State
             $\textit{Here we start loading nextAtoms to GPU on stream2 }$pdfTe
X warning (ext4): destination with the same identifier (name{ALG@line.7}) has b
een already used, duplicate ignored
<to be read again> 
                   \relax 
l.793 \State
            pdfTeX warning (ext4): destination with the same identifier (name{A
LG@line.8}) has been already used, duplicate ignored
<to be read again> 
                   \relax 
l.795 \For
           {$workload$}pdfTeX warning (ext4): destination with the same identif
ier (name{ALG@line.9}) has been already used, duplicate ignored
<to be read again> 
                   \relax 
l.797 \State
             $\textit{gpukernel1(stream1, sharedMemorySize, gpuAtoms, ...)}$pdf
TeX warning (ext4): destination with the same identifier (name{ALG@line.10}) ha
s been already used, duplicate ignored
<to be read again> 
                   \relax 
l.799 \State
             $\textit{gpukernel2(stream1, sharedMemorySize, gpuAtoms, ...)}$pdf
TeX warning (ext4): destination with the same identifier (name{ALG@line.11}) ha
s been already used, duplicate ignored
<to be read again> 
                   \relax 
l.802 \State
            pdfTeX warning (ext4): destination with the same identifier (name{A
LG@line.12}) has been already used, duplicate ignored
<to be read again> 
                   \relax 
l.803 \State
             $\textit{cudaStreamSynchronize(stream1)}$pdfTeX warning (ext4): de
stination with the same identifier (name{ALG@line.13}) has been already used, d
uplicate ignored
<to be read again> 
                   \relax 
l.804 \State
             $\textit{cudaStreamSynchronize(stream2)}$pdfTeX warning (ext4): de
stination with the same identifier (name{ALG@line.14}) has been already used, d
uplicate ignored
<to be read again> 
                   \relax 
l.806 \EndFor
             pdfTeX warning (ext4): destination with the same identifier (name{
ALG@line.15}) has been already used, duplicate ignored
<to be read again> 
                   \relax 
l.808 \EndProcedure
                    [33] [34]
Chapter 5.

LaTeX Warning: `!h' float specifier changed to `!ht'.

[35

] [36] [37] <images/exp_1000_10.png, id=618, 504.88625pt x 312.16624pt>
File: images/exp_1000_10.png Graphic file (type png)

<use images/exp_1000_10.png>
Package pdftex.def Info: images/exp_1000_10.png used on input line 898.
(pdftex.def)             Requested size: 193.47578pt x 119.62468pt.

<images/exp_1000_100.png, id=619, 504.88625pt x 312.16624pt>
File: images/exp_1000_100.png Graphic file (type png)

<use images/exp_1000_100.png>
Package pdftex.def Info: images/exp_1000_100.png used on input line 904.
(pdftex.def)             Requested size: 193.47578pt x 119.62468pt.

<images/exp_1000_1000.png, id=620, 504.88625pt x 312.16624pt>
File: images/exp_1000_1000.png Graphic file (type png)

<use images/exp_1000_1000.png>
Package pdftex.def Info: images/exp_1000_1000.png used on input line 910.
(pdftex.def)             Requested size: 193.47578pt x 119.62468pt.

<images/speedup_1000.png, id=621, 602.25pt x 372.39125pt>
File: images/speedup_1000.png Graphic file (type png)

<use images/speedup_1000.png>
Package pdftex.def Info: images/speedup_1000.png used on input line 916.
(pdftex.def)             Requested size: 193.47578pt x 119.63358pt.

<images/exp_10000_10.png, id=622, 504.88625pt x 312.16624pt>
File: images/exp_10000_10.png Graphic file (type png)

<use images/exp_10000_10.png>
Package pdftex.def Info: images/exp_10000_10.png used on input line 931.
(pdftex.def)             Requested size: 193.47578pt x 119.62468pt.

<images/exp_10000_100.png, id=623, 504.88625pt x 312.16624pt>
File: images/exp_10000_100.png Graphic file (type png)

<use images/exp_10000_100.png>
Package pdftex.def Info: images/exp_10000_100.png used on input line 937.
(pdftex.def)             Requested size: 193.47578pt x 119.62468pt.

<images/exp_10000_1000.png, id=624, 504.88625pt x 312.16624pt>
File: images/exp_10000_1000.png Graphic file (type png)

<use images/exp_10000_1000.png>
Package pdftex.def Info: images/exp_10000_1000.png used on input line 943.
(pdftex.def)             Requested size: 193.47578pt x 119.62468pt.

<images/speedup_10000.png, id=625, 602.25pt x 372.39125pt>
File: images/speedup_10000.png Graphic file (type png)

<use images/speedup_10000.png>
Package pdftex.def Info: images/speedup_10000.png used on input line 949.
(pdftex.def)             Requested size: 193.47578pt x 119.63358pt.
 [38 <./images/exp_1000_10.png> <./images/exp_1000_100.png> <./images/exp_1000_
1000.png> <./images/speedup_1000.png>]

LaTeX Warning: Reference `fg:chart_10000' on page 39 undefined on input line 95
7.

<images/exp_100000_10.png, id=634, 504.88625pt x 312.16624pt>
File: images/exp_100000_10.png Graphic file (type png)

<use images/exp_100000_10.png>
Package pdftex.def Info: images/exp_100000_10.png used on input line 965.
(pdftex.def)             Requested size: 193.47578pt x 119.62468pt.

<images/exp_100000_100.png, id=635, 504.88625pt x 312.16624pt>
File: images/exp_100000_100.png Graphic file (type png)

<use images/exp_100000_100.png>
Package pdftex.def Info: images/exp_100000_100.png used on input line 971.
(pdftex.def)             Requested size: 193.47578pt x 119.62468pt.

<images/speedup_100000.png, id=636, 602.25pt x 372.39125pt>
File: images/speedup_100000.png Graphic file (type png)

<use images/speedup_100000.png>
Package pdftex.def Info: images/speedup_100000.png used on input line 977.
(pdftex.def)             Requested size: 193.47578pt x 119.63358pt.

<images/chart_max.png, id=638, 553.06625pt x 370.38374pt>
File: images/chart_max.png Graphic file (type png)

<use images/chart_max.png>
Package pdftex.def Info: images/chart_max.png used on input line 986.
(pdftex.def)             Requested size: 241.84843pt x 161.96336pt.
 [39 <./images/exp_10000_10.png> <./images/exp_10000_100.png> <./images/exp_100
00_1000.png> <./images/speedup_10000.png>] [40 <./images/exp_100000_10.png> <./
images/exp_100000_100.png> <./images/speedup_100000.png> <./images/chart_max.pn
g>]
Chapter 6.

LaTeX Warning: Reference `fg:chart_1000' on page 41 undefined on input line 995
.


Underfull \hbox (badness 10000) in paragraph at lines 995--996

 []

(./source.bbl [41

] [42

] [43] [44])
Package atveryend Info: Empty hook `BeforeClearDocument' on input line 1000.
 [45]
Package atveryend Info: Empty hook `AfterLastShipout' on input line 1000.
 (./source.aux)
Package atveryend Info: Executing hook `AtVeryEndDocument' on input line 1000.
Package atveryend Info: Executing hook `AtEndAfterFileList' on input line 1000.

Package rerunfilecheck Info: File `source.out' has not changed.
(rerunfilecheck)             Checksum: 57329CDC25EA49122A259D876393E64A;2181.


LaTeX Warning: There were undefined references.


LaTeX Warning: Label(s) may have changed. Rerun to get cross-references right.

Package atveryend Info: Empty hook `AtVeryVeryEnd' on input line 1000.
 ) 
Here is how much of TeX's memory you used:
 13339 strings out of 493089
 211409 string characters out of 6134842
 351268 words of memory out of 5000000
 16187 multiletter control sequences out of 15000+600000
 63935 words of font info for 200 fonts, out of 8000000 for 9000
 1141 hyphenation exceptions out of 8191
 36i,19n,42p,2489b,508s stack positions out of 5000i,500n,10000p,200000b,80000s
{/usr/local/texlive/2015/texmf-dist/fonts/enc/dvips/base/8r.enc}</usr/local/t
exlive/2015/texmf-dist/fonts/type1/public/amsfonts/cm/cmex10.pfb></usr/local/te
xlive/2015/texmf-dist/fonts/type1/public/amsfonts/cmextra/cmex8.pfb></usr/local
/texlive/2015/texmf-dist/fonts/type1/public/amsfonts/cm/cmmi10.pfb></usr/local/
texlive/2015/texmf-dist/fonts/type1/public/amsfonts/cm/cmmi6.pfb></usr/local/te
xlive/2015/texmf-dist/fonts/type1/public/amsfonts/cm/cmmi8.pfb></usr/local/texl
ive/2015/texmf-dist/fonts/type1/public/amsfonts/cm/cmr10.pfb></usr/local/texliv
e/2015/texmf-dist/fonts/type1/public/amsfonts/cm/cmr6.pfb></usr/local/texlive/2
015/texmf-dist/fonts/type1/public/amsfonts/cm/cmr8.pfb></usr/local/texlive/2015
/texmf-dist/fonts/type1/public/amsfonts/cm/cmsy10.pfb></usr/local/texlive/2015/
texmf-dist/fonts/type1/public/amsfonts/cm/cmsy8.pfb></usr/local/texlive/2015/te
xmf-dist/fonts/type1/urw/helvetic/uhvr8a.pfb></usr/local/texlive/2015/texmf-dis
t/fonts/type1/urw/times/utmb8a.pfb></usr/local/texlive/2015/texmf-dist/fonts/ty
pe1/urw/times/utmbi8a.pfb></usr/local/texlive/2015/texmf-dist/fonts/type1/urw/t
imes/utmr8a.pfb></usr/local/texlive/2015/texmf-dist/fonts/type1/urw/times/utmri
8a.pfb>
Output written on source.pdf (54 pages, 722895 bytes).
PDF statistics:
 786 PDF objects out of 1000 (max. 8388607)
 665 compressed objects within 7 object streams
 193 named destinations out of 1000 (max. 500000)
 30573 words of extra memory for PDF output out of 35830 (max. 10000000)

