\BOOKMARK [0][-]{chapter.1}{Introduction}{}% 1
\BOOKMARK [1][-]{section.1.1}{Problem Statement}{chapter.1}% 2
\BOOKMARK [1][-]{section.1.2}{Our approach with improvement}{chapter.1}% 3
\BOOKMARK [1][-]{section.1.3}{Contribution and roadmap of the paper}{chapter.1}% 4
\BOOKMARK [0][-]{chapter.2}{Related Work}{}% 5
\BOOKMARK [1][-]{section.2.1}{Scientific software}{chapter.2}% 6
\BOOKMARK [1][-]{section.2.2}{Stream processing}{chapter.2}% 7
\BOOKMARK [1][-]{section.2.3}{Big Data Frameworks}{chapter.2}% 8
\BOOKMARK [0][-]{chapter.3}{Network of Queries}{}% 9
\BOOKMARK [1][-]{section.3.1}{One body functions}{chapter.3}% 10
\BOOKMARK [1][-]{section.3.2}{Multiple body functions}{chapter.3}% 11
\BOOKMARK [0][-]{chapter.4}{The system design}{}% 12
\BOOKMARK [1][-]{section.4.1}{Data input}{chapter.4}% 13
\BOOKMARK [1][-]{section.4.2}{Data flow architecture}{chapter.4}% 14
\BOOKMARK [1][-]{section.4.3}{Network of queries organization}{chapter.4}% 15
\BOOKMARK [2][-]{subsection.4.3.1}{One-body kernel}{section.4.3}% 16
\BOOKMARK [2][-]{subsection.4.3.2}{Two-body kernel}{section.4.3}% 17
\BOOKMARK [0][-]{chapter.5}{Experiments Results}{}% 18
\BOOKMARK [1][-]{section.5.1}{Results}{chapter.5}% 19
\BOOKMARK [0][-]{chapter.6}{Conclusions and Future Work}{}% 20
